<?xml version="1.0" encoding="UTF-8"?>
<!-- Generated by org.testng.reporters.JUnitReportReporter -->
<testsuite hostname="DESKTOP-BH4BE79" failures="0" tests="1" name="com.MavenProject.FirstTestNG" time="9.509" errors="0" timestamp="2022-11-09T22:49:37 EST" skipped="0">
  <testcase classname="com.MavenProject.FirstTestNG" name="test1" time="9.509"/>
  <system-out/>
</testsuite> <!-- com.MavenProject.FirstTestNG -->
