<?xml version="1.0" encoding="UTF-8"?>
<!-- Generated by org.testng.reporters.JUnitReportReporter -->
<testsuite hostname="DESKTOP-BH4BE79" failures="0" tests="4" name="com.MavenProject.AnnoTestNG" time="7.866" errors="0" timestamp="2022-11-15T22:34:30 EST" skipped="0">
  <testcase classname="com.MavenProject.AnnoTestNG" name="test3_scrolling" time="2.060"/>
  <system-out/>
  <testcase classname="com.MavenProject.AnnoTestNG" name="test4_clickingBookStore" time="2.116"/>
  <system-out/>
  <testcase classname="com.MavenProject.AnnoTestNG" name="test5_clickingElements" time="2.054"/>
  <system-out/>
  <testcase classname="com.MavenProject.AnnoTestNG" name="test2_openingURL" time="1.636"/>
  <system-out/>
</testsuite> <!-- com.MavenProject.AnnoTestNG -->
